1
1
Adding interactions
Read 31023 interactions from 31023 lines in /local_data1/3D/project/Hi-C_Interaction/20200730_SARS_COV2/Personal_Analysis/Analysis/N26_RPM_3D_Structure/Analysis_100bp/process/3Dstructure/C/100/chrSC2/pm1/wish_distances.txt.
Finished adding interactions
Using weights 8 
RUNNING MDS OPTIMIZATION PROBLEM
-3
1
num variables = 894
num constraints = 0 = 0 + 0 + 0 + 0 + 0

******************************************************************************
This program contains Ipopt, a library for large-scale nonlinear optimization.
 Ipopt is released as open source code under the Eclipse Public License (EPL).
         For more information visit http://projects.coin-or.org/Ipopt
******************************************************************************

This is Ipopt version 3.12.13, running with linear solver ma27.

0 0
Number of nonzeros in equality constraint Jacobian...:        0
Number of nonzeros in inequality constraint Jacobian.:        0
Number of nonzeros in Lagrangian Hessian.............:        0

0 0
Total number of variables............................:      894
                     variables with only lower bounds:        0
                variables with lower and upper bounds:      894
                     variables with only upper bounds:        0
Total number of equality constraints.................:        0
Total number of inequality constraints...............:        0
        inequality constraints with only lower bounds:        0
   inequality constraints with lower and upper bounds:        0
        inequality constraints with only upper bounds:        0

iter    objective    inf_pr   inf_du lg(mu)  ||d||  lg(rg) alpha_du alpha_pr  ls
   0  5.2632355e+05 0.00e+00 1.00e+02   0.0 0.00e+00    -  0.00e+00 0.00e+00   0
   1  2.4102797e+05 0.00e+00 9.39e+01  -5.0 8.32e+01    -  9.82e-02 1.61e-02f  4
   2  1.4928455e+05 0.00e+00 1.86e+01  -5.0 7.61e-01    -  9.15e-01 1.00e+00f  1
   3  7.5732760e+04 0.00e+00 2.00e+01  -1.3 4.13e-01    -  9.99e-01 1.00e+00f  1
   4  6.6207587e+04 0.00e+00 7.24e+01  -2.2 7.47e-01    -  1.00e+00 1.00e+00f  1
   5  2.9437570e+04 0.00e+00 3.37e+01  -3.1 8.64e-01    -  1.00e+00 1.00e+00f  1
   6  1.5496519e+04 0.00e+00 1.17e+01  -4.2 4.92e-01    -  1.00e+00 1.00e+00f  1
   7  1.3215060e+04 0.00e+00 6.24e+00  -5.7 1.80e-01    -  1.00e+00 1.00e+00f  1
   8  1.2039463e+04 0.00e+00 2.10e+00  -7.2 7.28e-02    -  1.00e+00 1.00e+00f  1
   9  1.0637422e+04 0.00e+00 9.97e+00  -8.6 2.67e-01    -  1.00e+00 5.00e-01f  2
iter    objective    inf_pr   inf_du lg(mu)  ||d||  lg(rg) alpha_du alpha_pr  ls
  10  9.9262391e+03 0.00e+00 6.18e+00  -9.8 3.12e-01    -  1.00e+00 5.00e-01f  2
  11  8.9694785e+03 0.00e+00 1.03e+01 -11.0 2.54e-01    -  1.00e+00 5.00e-01f  2
  12  8.8977042e+03 0.00e+00 1.33e+01 -11.0 3.23e-01    -  1.00e+00 1.00e+00f  1
  13  8.0681499e+03 0.00e+00 2.70e+00 -11.0 1.78e-01    -  1.00e+00 1.00e+00f  1
  14  7.8647899e+03 0.00e+00 5.28e-01 -11.0 4.76e-02    -  1.00e+00 1.00e+00f  1
  15  7.6976612e+03 0.00e+00 2.81e+00 -11.0 4.65e-02    -  1.00e+00 1.00e+00f  1
  16  7.6919462e+03 0.00e+00 5.50e+00 -11.0 1.85e-01    -  1.00e+00 5.00e-01f  2
  17  7.6137202e+03 0.00e+00 4.42e+00 -11.0 1.99e-01    -  1.00e+00 5.00e-01f  2
  18  7.2919181e+03 0.00e+00 6.45e+00 -11.0 1.33e-01    -  1.00e+00 1.00e+00f  1
  19  7.0857284e+03 0.00e+00 1.42e+00 -11.0 1.81e-01    -  1.00e+00 5.00e-01f  2
iter    objective    inf_pr   inf_du lg(mu)  ||d||  lg(rg) alpha_du alpha_pr  ls
  20  6.9567580e+03 0.00e+00 5.10e-01 -11.0 3.78e-02    -  1.00e+00 1.00e+00f  1
  21  6.9126060e+03 0.00e+00 1.18e+00 -11.0 1.47e-01    -  1.00e+00 2.50e-01f  3
  22  6.7642495e+03 0.00e+00 1.67e+00 -11.0 7.76e-02    -  1.00e+00 1.00e+00f  1
  23  6.6865991e+03 0.00e+00 3.17e+00 -11.0 3.39e-01    -  1.00e+00 2.50e-01f  3
  24  6.6678520e+03 0.00e+00 2.66e+00 -11.0 2.75e-01    -  1.00e+00 2.50e-01f  3
  25  6.5992583e+03 0.00e+00 3.03e+00 -11.0 7.39e-02    -  1.00e+00 1.00e+00f  1
  26  6.5568839e+03 0.00e+00 2.46e+00 -11.0 7.07e-02    -  1.00e+00 1.00e+00f  1
  27  6.4986589e+03 0.00e+00 3.54e-01 -11.0 3.29e-02    -  1.00e+00 1.00e+00f  1
  28  6.4897920e+03 0.00e+00 1.30e+00 -11.0 5.82e-02    -  1.00e+00 5.00e-01f  2
  29  6.4300898e+03 0.00e+00 1.51e+00 -11.0 5.11e-02    -  1.00e+00 1.00e+00f  1
iter    objective    inf_pr   inf_du lg(mu)  ||d||  lg(rg) alpha_du alpha_pr  ls
  30  6.3929484e+03 0.00e+00 1.45e+00 -11.0 2.36e-01    -  1.00e+00 2.50e-01f  3
  31  6.3632999e+03 0.00e+00 1.33e+00 -11.0 1.72e-01    -  1.00e+00 2.50e-01f  3
  32  6.3468060e+03 0.00e+00 2.21e+00 -11.0 8.85e-02    -  1.00e+00 5.00e-01f  2
  33  6.3086528e+03 0.00e+00 1.36e+00 -11.0 4.76e-02    -  1.00e+00 1.00e+00f  1
  34  6.2852083e+03 0.00e+00 1.15e+00 -11.0 8.05e-02    -  1.00e+00 5.00e-01f  2
  35  6.2599001e+03 0.00e+00 1.08e+00 -11.0 3.56e-02    -  1.00e+00 1.00e+00f  1
  36  6.2404646e+03 0.00e+00 5.50e-01 -11.0 4.49e-02    -  1.00e+00 5.00e-01f  2
  37  6.2340777e+03 0.00e+00 1.46e+00 -11.0 4.33e-02    -  1.00e+00 1.00e+00f  1
  38  6.2033371e+03 0.00e+00 2.20e+00 -11.0 7.29e-02    -  1.00e+00 5.00e-01f  2
  39  6.1791909e+03 0.00e+00 5.23e-01 -11.0 1.63e-01    -  1.00e+00 2.50e-01f  3
iter    objective    inf_pr   inf_du lg(mu)  ||d||  lg(rg) alpha_du alpha_pr  ls
  40  6.1565375e+03 0.00e+00 6.50e-01 -11.0 3.86e-02    -  1.00e+00 5.00e-01f  2
  41  6.1429623e+03 0.00e+00 5.69e-01 -11.0 4.07e-02    -  1.00e+00 5.00e-01f  2
  42  6.1310686e+03 0.00e+00 6.20e-01 -11.0 4.83e-02    -  1.00e+00 5.00e-01f  2
  43  6.1263428e+03 0.00e+00 1.95e+00 -11.0 1.00e-01    -  1.00e+00 5.00e-01f  2
  44  6.1108817e+03 0.00e+00 1.07e+00 -11.0 2.91e-01    -  1.00e+00 1.25e-01f  4
  45  6.0994571e+03 0.00e+00 6.88e-01 -11.0 2.27e-01    -  1.00e+00 1.25e-01f  4
  46  6.0858569e+03 0.00e+00 1.18e+00 -11.0 9.86e-02    -  1.00e+00 2.50e-01f  3
  47  6.0686895e+03 0.00e+00 4.91e-01 -11.0 4.63e-02    -  1.00e+00 5.00e-01f  2
  48  6.0595416e+03 0.00e+00 5.66e-01 -11.0 2.45e-02    -  1.00e+00 1.00e+00f  1
  49  6.0451153e+03 0.00e+00 4.24e-01 -11.0 2.09e-02    -  1.00e+00 1.00e+00f  1
iter    objective    inf_pr   inf_du lg(mu)  ||d||  lg(rg) alpha_du alpha_pr  ls
  50  6.0367428e+03 0.00e+00 4.69e-01 -11.0 9.92e-02    -  1.00e+00 2.50e-01f  3
  51  6.0326861e+03 0.00e+00 9.63e-01 -11.0 1.31e-01    -  1.00e+00 2.50e-01f  3
  52  6.0286511e+03 0.00e+00 8.82e-01 -11.0 1.25e-01    -  1.00e+00 2.50e-01f  3
  53  6.0219777e+03 0.00e+00 9.66e-01 -11.0 1.12e-01    -  1.00e+00 2.50e-01f  3
  54  6.0101363e+03 0.00e+00 7.18e-01 -11.0 6.88e-02    -  1.00e+00 5.00e-01f  2
  55  6.0004521e+03 0.00e+00 6.89e-01 -11.0 5.12e-02    -  1.00e+00 2.50e-01f  3
  56  5.9902179e+03 0.00e+00 3.24e-01 -11.0 2.71e-02    -  1.00e+00 1.00e+00f  1
  57  5.9854178e+03 0.00e+00 4.80e-01 -11.0 1.89e-02    -  1.00e+00 1.00e+00f  1
  58  5.9793097e+03 0.00e+00 6.59e-01 -11.0 3.04e-02    -  1.00e+00 1.00e+00f  1
  59  5.9735820e+03 0.00e+00 4.07e-01 -11.0 1.49e-01    -  1.00e+00 2.50e-01f  3
iter    objective    inf_pr   inf_du lg(mu)  ||d||  lg(rg) alpha_du alpha_pr  ls
  60  5.9684596e+03 0.00e+00 4.19e-01 -11.0 1.70e-01    -  1.00e+00 1.25e-01f  4
  61  5.9608893e+03 0.00e+00 5.36e-01 -11.0 1.24e-01    -  1.00e+00 2.50e-01f  3
  62  5.9525777e+03 0.00e+00 6.95e-01 -11.0 1.11e-01    -  1.00e+00 2.50e-01f  3
  63  5.9430293e+03 0.00e+00 7.31e-01 -11.0 2.82e-01    -  1.00e+00 1.25e-01f  4
  64  5.9362079e+03 0.00e+00 5.20e-01 -11.0 4.24e-01    -  1.00e+00 1.25e-01f  4
  65  5.9318195e+03 0.00e+00 4.60e-01 -11.0 3.00e-01    -  1.00e+00 1.25e-01f  4
  66  5.9275380e+03 0.00e+00 3.86e-01 -11.0 1.82e-01    -  1.00e+00 1.25e-01f  4
  67  5.9204593e+03 0.00e+00 6.64e-01 -11.0 6.11e-02    -  1.00e+00 2.50e-01f  3
  68  5.9163131e+03 0.00e+00 9.55e-01 -11.0 8.48e-02    -  1.00e+00 5.00e-01f  2
  69  5.9102355e+03 0.00e+00 7.20e-01 -11.0 6.55e-02    -  1.00e+00 5.00e-01f  2
iter    objective    inf_pr   inf_du lg(mu)  ||d||  lg(rg) alpha_du alpha_pr  ls
  70  5.9059765e+03 0.00e+00 6.60e-01 -11.0 3.09e-02    -  1.00e+00 5.00e-01f  2
  71  5.9126737e+03 0.00e+00 6.13e-01 -11.0 6.23e-02    -  1.00e+00 1.00e+00w  1
  72  6.4181005e+03 0.00e+00 5.55e+00 -11.0 9.33e-02    -  1.00e+00 1.00e+00w  1
  73  5.9021352e+03 0.00e+00 5.11e-01 -11.0 1.23e-01    -  1.00e+00 1.00e+00f  1
  74  5.8914692e+03 0.00e+00 7.91e-01 -11.0 7.60e-02    -  1.00e+00 2.50e-01f  3
  75  5.8815384e+03 0.00e+00 1.65e-01 -11.0 1.07e-02    -  1.00e+00 1.00e+00f  1
  76  5.8801936e+03 0.00e+00 4.07e-01 -11.0 2.19e-02    -  1.00e+00 5.00e-01f  2
  77  5.8769909e+03 0.00e+00 3.55e-01 -11.0 1.83e-02    -  1.00e+00 5.00e-01f  2
  78  5.8731864e+03 0.00e+00 4.03e-01 -11.0 2.07e-02    -  1.00e+00 1.00e+00f  1
  79  5.8728616e+03 0.00e+00 5.38e-01 -11.0 3.24e-02    -  1.00e+00 5.00e-01f  2
iter    objective    inf_pr   inf_du lg(mu)  ||d||  lg(rg) alpha_du alpha_pr  ls
  80  5.8686891e+03 0.00e+00 4.07e-01 -11.0 4.94e-02    -  1.00e+00 2.50e-01f  3
  81  5.8683422e+03 0.00e+00 8.33e-01 -11.0 2.37e-02    -  1.00e+00 1.00e+00f  1
  82  5.8587383e+03 0.00e+00 3.82e-01 -11.0 2.90e-02    -  1.00e+00 5.00e-01f  2
  83  5.8529362e+03 0.00e+00 3.83e-01 -11.0 3.07e-02    -  1.00e+00 5.00e-01f  2
  84  5.8506347e+03 0.00e+00 3.75e-01 -11.0 5.50e-02    -  1.00e+00 2.50e-01f  3
  85  5.8495372e+03 0.00e+00 3.61e-01 -11.0 2.43e-02    -  1.00e+00 5.00e-01f  2
  86  5.8452456e+03 0.00e+00 3.18e-01 -11.0 3.78e-02    -  1.00e+00 5.00e-01f  2
  87  5.8432828e+03 0.00e+00 4.62e-01 -11.0 6.69e-02    -  1.00e+00 2.50e-01f  3
  88  5.8407384e+03 0.00e+00 4.97e-01 -11.0 8.11e-02    -  1.00e+00 2.50e-01f  3
  89  5.8395300e+03 0.00e+00 6.67e-01 -11.0 6.49e-02    -  1.00e+00 2.50e-01f  3
iter    objective    inf_pr   inf_du lg(mu)  ||d||  lg(rg) alpha_du alpha_pr  ls
  90  5.8357037e+03 0.00e+00 4.26e-01 -11.0 2.76e-02    -  1.00e+00 5.00e-01f  2
  91  5.8316225e+03 0.00e+00 2.80e-01 -11.0 2.04e-02    -  1.00e+00 5.00e-01f  2
  92  5.8289812e+03 0.00e+00 3.81e-01 -11.0 8.50e-03    -  1.00e+00 1.00e+00f  1
  93  5.8276874e+03 0.00e+00 4.12e-01 -11.0 1.49e-02    -  1.00e+00 1.00e+00f  1
  94  5.8261948e+03 0.00e+00 2.66e-01 -11.0 1.65e-02    -  1.00e+00 1.00e+00f  1
  95  5.8240272e+03 0.00e+00 2.41e-01 -11.0 3.53e-02    -  1.00e+00 2.50e-01f  3
  96  5.8239581e+03 0.00e+00 6.07e-01 -11.0 2.66e-02    -  1.00e+00 5.00e-01f  2
  97  5.8203988e+03 0.00e+00 3.59e-01 -11.0 1.85e-02    -  1.00e+00 1.00e+00f  1
  98  5.8189479e+03 0.00e+00 3.79e-01 -11.0 1.30e-02    -  1.00e+00 1.00e+00f  1
  99  5.8174334e+03 0.00e+00 5.90e-01 -11.0 1.90e-02    -  1.00e+00 1.00e+00f  1
iter    objective    inf_pr   inf_du lg(mu)  ||d||  lg(rg) alpha_du alpha_pr  ls
 100  5.8152314e+03 0.00e+00 2.21e-01 -11.0 4.91e-02    -  1.00e+00 2.50e-01f  3
 101  5.8136532e+03 0.00e+00 2.24e-01 -11.0 3.10e-02    -  1.00e+00 2.50e-01f  3
 102  5.8123156e+03 0.00e+00 2.06e-01 -11.0 2.79e-02    -  1.00e+00 2.50e-01f  3
 103  5.8119251e+03 0.00e+00 3.94e-01 -11.0 2.49e-02    -  1.00e+00 5.00e-01f  2
 104  5.8097005e+03 0.00e+00 2.56e-01 -11.0 4.43e-02    -  1.00e+00 2.50e-01f  3
 105  5.8080706e+03 0.00e+00 3.66e-01 -11.0 8.82e-02    -  1.00e+00 1.25e-01f  4
 106  5.8056883e+03 0.00e+00 2.03e-01 -11.0 1.61e-01    -  1.00e+00 1.25e-01f  4
 107  5.8054568e+03 0.00e+00 3.28e-01 -11.0 2.54e-01    -  1.00e+00 6.25e-02f  5
 108  5.8048395e+03 0.00e+00 2.78e-01 -11.0 6.67e-02    -  1.00e+00 1.25e-01f  4
 109  5.8030213e+03 0.00e+00 1.77e-01 -11.0 1.92e-02    -  1.00e+00 5.00e-01f  2
iter    objective    inf_pr   inf_du lg(mu)  ||d||  lg(rg) alpha_du alpha_pr  ls
 110  5.8029045e+03 0.00e+00 5.35e-01 -11.0 1.01e-02    -  1.00e+00 1.00e+00f  1
 111  5.8005646e+03 0.00e+00 2.80e-01 -11.0 9.67e-03    -  1.00e+00 1.00e+00f  1
 112  5.7995825e+03 0.00e+00 3.20e-01 -11.0 1.10e-02    -  1.00e+00 1.00e+00f  1
 113  5.7991733e+03 0.00e+00 1.84e-01 -11.0 3.33e-02    -  1.00e+00 2.50e-01f  3
 114  5.7990255e+03 0.00e+00 2.95e-01 -11.0 3.70e-02    -  1.00e+00 5.00e-01f  2
 115  5.7967777e+03 0.00e+00 2.98e-01 -11.0 7.37e-02    -  1.00e+00 2.50e-01f  3
 116  5.7958282e+03 0.00e+00 2.67e-01 -11.0 1.02e-01    -  1.00e+00 1.25e-01f  4
 117  5.7950969e+03 0.00e+00 3.09e-01 -11.0 2.40e-02    -  1.00e+00 2.50e-01f  3
 118  5.7944540e+03 0.00e+00 2.74e-01 -11.0 2.59e-02    -  1.00e+00 5.00e-01f  2
 119  5.7933765e+03 0.00e+00 2.89e-01 -11.0 1.10e-01    -  1.00e+00 1.25e-01f  4
iter    objective    inf_pr   inf_du lg(mu)  ||d||  lg(rg) alpha_du alpha_pr  ls
 120  5.7927426e+03 0.00e+00 2.93e-01 -11.0 8.28e-02    -  1.00e+00 1.25e-01f  4
 121  5.7920176e+03 0.00e+00 2.53e-01 -11.0 1.01e-01    -  1.00e+00 1.25e-01f  4
 122  5.7911663e+03 0.00e+00 1.38e-01 -11.0 1.20e-01    -  1.00e+00 1.25e-01f  4
 123  5.9113302e+03 0.00e+00 3.32e+00 -11.0 1.18e-01    -  1.00e+00 1.00e+00w  1
 124  5.9071180e+03 0.00e+00 4.30e+00 -11.0 8.08e-02    -  1.00e+00 1.00e+00w  1
 125  5.7944947e+03 0.00e+00 6.22e-01 -11.0 7.39e-02    -  1.00e+00 1.00e+00w  1
 126  5.7899924e+03 0.00e+00 1.52e-01 -11.0 8.63e-02    -  1.00e+00 1.25e-01f  3
 127  5.7887585e+03 0.00e+00 2.10e-01 -11.0 2.19e-02    -  1.00e+00 2.50e-01f  3
 128  5.7877714e+03 0.00e+00 2.94e-01 -11.0 1.90e-02    -  1.00e+00 1.00e+00f  1
 129  5.7867002e+03 0.00e+00 2.73e-01 -11.0 7.89e-02    -  1.00e+00 1.25e-01f  4
iter    objective    inf_pr   inf_du lg(mu)  ||d||  lg(rg) alpha_du alpha_pr  ls
 130  5.7862832e+03 0.00e+00 3.39e-01 -11.0 5.24e-02    -  1.00e+00 2.50e-01f  3
 131  5.7848722e+03 0.00e+00 3.35e-01 -11.0 4.51e-02    -  1.00e+00 2.50e-01f  3
 132  5.7834092e+03 0.00e+00 3.55e-01 -11.0 4.96e-02    -  1.00e+00 2.50e-01f  3
 133  5.7822247e+03 0.00e+00 2.37e-01 -11.0 4.73e-02    -  1.00e+00 2.50e-01f  3
 134  5.7812497e+03 0.00e+00 2.22e-01 -11.0 1.82e-02    -  1.00e+00 2.50e-01f  3
 135  5.7802076e+03 0.00e+00 1.45e-01 -11.0 1.87e-02    -  1.00e+00 5.00e-01f  2
 136  5.7798430e+03 0.00e+00 2.17e-01 -11.0 3.18e-02    -  1.00e+00 2.50e-01f  3
 137  5.7798316e+03 0.00e+00 3.45e-01 -11.0 5.02e-02    -  1.00e+00 5.00e-01f  2
 138  5.7788224e+03 0.00e+00 2.45e-01 -11.0 9.73e-02    -  1.00e+00 1.25e-01f  4
 139  5.7778912e+03 0.00e+00 3.43e-01 -11.0 1.09e-01    -  1.00e+00 1.25e-01f  4
iter    objective    inf_pr   inf_du lg(mu)  ||d||  lg(rg) alpha_du alpha_pr  ls
 140  5.7769365e+03 0.00e+00 1.42e-01 -11.0 2.00e-01    -  1.00e+00 1.25e-01f  4
 141  5.8274876e+03 0.00e+00 1.28e+00 -11.0 6.62e-02    -  1.00e+00 1.00e+00w  1
 142  5.7895939e+03 0.00e+00 5.89e-01 -11.0 3.90e-02    -  1.00e+00 1.00e+00w  1
 143  5.7799129e+03 0.00e+00 5.03e-01 -11.0 3.95e-02    -  1.00e+00 1.00e+00w  1
 144  5.7757868e+03 0.00e+00 1.21e-01 -11.0 2.55e-02    -  1.00e+00 1.25e-01f  3
 145  5.7740504e+03 0.00e+00 1.59e-01 -11.0 1.32e-02    -  1.00e+00 1.00e+00f  1
 146  5.7737394e+03 0.00e+00 2.29e-01 -11.0 2.11e-02    -  1.00e+00 5.00e-01f  2
 147  5.7731094e+03 0.00e+00 2.01e-01 -11.0 1.91e-02    -  1.00e+00 2.50e-01f  3
 148  5.7725858e+03 0.00e+00 1.92e-01 -11.0 1.47e-02    -  1.00e+00 5.00e-01f  2
 149  5.7715928e+03 0.00e+00 2.05e-01 -11.0 1.51e-02    -  1.00e+00 5.00e-01f  2
iter    objective    inf_pr   inf_du lg(mu)  ||d||  lg(rg) alpha_du alpha_pr  ls
 150  5.7713982e+03 0.00e+00 2.54e-01 -11.0 1.26e-02    -  1.00e+00 5.00e-01f  2
 151  5.7711937e+03 0.00e+00 3.76e-01 -11.0 6.61e-03    -  1.00e+00 1.00e+00f  1
 152  5.7708302e+03 0.00e+00 4.05e-01 -11.0 8.69e-03    -  1.00e+00 1.00e+00f  1
 153  5.7705991e+03 0.00e+00 3.71e-01 -11.0 8.19e-03    -  1.00e+00 1.00e+00f  1
 154  5.7692389e+03 0.00e+00 1.95e-01 -11.0 8.43e-03    -  1.00e+00 1.00e+00f  1
 155  5.7686274e+03 0.00e+00 7.78e-02 -11.0 4.86e-03    -  1.00e+00 1.00e+00f  1

Number of Iterations....: 155

                                   (scaled)                 (unscaled)
Objective...............:   1.6040856773267862e+01    5.7686274394980765e+03
Dual infeasibility......:   7.7833782523021020e-02    2.7990655357666110e+01
Constraint violation....:   0.0000000000000000e+00    0.0000000000000000e+00
Complementarity.........:   9.9999999999999558e-12    3.5962090560595782e-09
Overall NLP error.......:   7.7833782523021020e-02    2.7990655357666110e+01


Number of objective function evaluations             = 738
Number of objective gradient evaluations             = 156
Number of equality constraint evaluations            = 0
Number of inequality constraint evaluations          = 0
Number of equality constraint Jacobian evaluations   = 0
Number of inequality constraint Jacobian evaluations = 0
Number of Lagrangian Hessian evaluations             = 0
Total CPU secs in IPOPT (w/o function evaluations)   =      0.268
Total CPU secs in NLP function evaluations           =      1.008

EXIT: Optimal Solution Found.


Objective value
f(x*) = 5.768627e+03


*** The problem solved!
